<?xml version="1.0" encoding="UTF-8"?>
<!-- Generated by org.testng.reporters.JUnitXMLReporter -->
<testsuite ignored="3" hostname="DESKTOP-R8CT5U1" failures="0" tests="1" name="ChromeTest" time="10.62" errors="0" timestamp="2025-07-22T12:17:12 IST">
  <testcase classname="testscript4.LoginTest" name="verifyUserisabletologinwithValidCredentials" time="4.205"/>
  <testcase classname="testscript4.LoginTest" name="verifyuserisabletologinwithInvalidUsernameandInvalidPassword" time="0.0">
    <ignored/>
  </testcase> <!-- verifyuserisabletologinwithInvalidUsernameandInvalidPassword -->
  <testcase classname="testscript4.LoginTest" name="verifyuserisabletologinwithInvalidPassword" time="0.0">
    <ignored/>
  </testcase> <!-- verifyuserisabletologinwithInvalidPassword -->
  <testcase classname="testscript4.LoginTest" name="verifyUserisabletologinwithInvalidUsername" time="0.0">
    <ignored/>
  </testcase> <!-- verifyUserisabletologinwithInvalidUsername -->
</testsuite> <!-- ChromeTest -->
