<?xml version="1.0" encoding="UTF-8"?>
<!-- Generated by org.testng.reporters.JUnitXMLReporter -->
<testsuite ignored="2" hostname="DESKTOP-R8CT5U1" failures="0" tests="2" name="Test" time="23.212" errors="0" timestamp="2025-07-23T12:00:32 IST">
  <testcase classname="testscript4.LoginTest" name="verifyUserisabletologinwithInvalidUsername" time="3.51"/>
  <testcase classname="testscript4.LoginTest" name="verifyUserisabletologinwithValidCredentials" time="1.858"/>
  <testcase classname="testscript4.LoginTest" name="verifyuserisabletologinwithInvalidPassword" time="0.0">
    <ignored/>
  </testcase> <!-- verifyuserisabletologinwithInvalidPassword -->
  <testcase classname="testscript4.LoginTest" name="verifyuserisabletologinwithInvalidUsernameandInvalidPassword" time="0.0">
    <ignored/>
  </testcase> <!-- verifyuserisabletologinwithInvalidUsernameandInvalidPassword -->
</testsuite> <!-- Test -->
